# JRE version: Java(TM) SE Runtime Environment (8.0_281-b09) (build 1.8.0_281-b09)
# Java VM: Java HotSpot(TM) 64-Bit Server VM (25.281-b09 mixed mode bsd-amd64 compressed oops)
Heap:
 PSYoungGen      total 427520K, used 61847K [0x000000076ab00000, 0x000000078e680000, 0x00000007c0000000)
  eden space 412672K, 14% used [0x000000076ab00000,0x000000076e765c08,0x0000000783e00000)
  from space 14848K, 0% used [0x0000000783e00000,0x0000000783e00000,0x0000000784c80000)
  to   space 16896K, 0% used [0x000000078d600000,0x000000078d600000,0x000000078e680000)
 ParOldGen       total 146432K, used 23717K [0x00000006c0000000, 0x00000006c8f00000, 0x000000076ab00000)
  object space 146432K, 16% used [0x00000006c0000000,0x00000006c1729688,0x00000006c8f00000)
 Metaspace       used 57882K, capacity 61834K, committed 61912K, reserved 1101824K
  class space    used 8006K, capacity 8665K, committed 8704K, reserved 1048576K
GC Heap History (10 events):
Event: 3.440 GC heap before
{Heap before GC invocations=8 (full 1):
 PSYoungGen      total 245760K, used 75865K [0x000000076ab00000, 0x000000077a800000, 0x00000007c0000000)
  eden space 237056K, 28% used [0x000000076ab00000,0x000000076ec98238,0x0000000779280000)
  from space 8704K, 99% used [0x0000000779f80000,0x000000077a7fe340,0x000000077a800000)
  to   space 10240K, 0% used [0x0000000779400000,0x0000000779400000,0x0000000779e00000)
 ParOldGen       total 79872K, used 5888K [0x00000006c0000000, 0x00000006c4e00000, 0x000000076ab00000)
  object space 79872K, 7% used [0x00000006c0000000,0x00000006c05c0360,0x00000006c4e00000)
 Metaspace       used 33113K, capacity 35376K, committed 35416K, reserved 1079296K
  class space    used 4304K, capacity 4714K, committed 4736K, reserved 1048576K
Event: 3.448 GC heap after
Heap after GC invocations=8 (full 1):
 PSYoungGen      total 248832K, used 8451K [0x000000076ab00000, 0x0000000785b00000, 0x00000007c0000000)
  eden space 238592K, 0% used [0x000000076ab00000,0x000000076ab00000,0x0000000779400000)
  from space 10240K, 82% used [0x0000000779400000,0x0000000779c40cc0,0x0000000779e00000)
  to   space 10752K, 0% used [0x0000000785080000,0x0000000785080000,0x0000000785b00000)
 ParOldGen       total 79872K, used 5896K [0x00000006c0000000, 0x00000006c4e00000, 0x000000076ab00000)
  object space 79872K, 7% used [0x00000006c0000000,0x00000006c05c2360,0x00000006c4e00000)
 Metaspace       used 33113K, capacity 35376K, committed 35416K, reserved 1079296K
  class space    used 4304K, capacity 4714K, committed 4736K, reserved 1048576K
}
Event: 3.448 GC heap before
{Heap before GC invocations=9 (full 2):
 PSYoungGen      total 248832K, used 8451K [0x000000076ab00000, 0x0000000785b00000, 0x00000007c0000000)
  eden space 238592K, 0% used [0x000000076ab00000,0x000000076ab00000,0x0000000779400000)
  from space 10240K, 82% used [0x0000000779400000,0x0000000779c40cc0,0x0000000779e00000)
  to   space 10752K, 0% used [0x0000000785080000,0x0000000785080000,0x0000000785b00000)
 ParOldGen       total 79872K, used 5896K [0x00000006c0000000, 0x00000006c4e00000, 0x000000076ab00000)
  object space 79872K, 7% used [0x00000006c0000000,0x00000006c05c2360,0x00000006c4e00000)
 Metaspace       used 33113K, capacity 35376K, committed 35416K, reserved 1079296K
  class space    used 4304K, capacity 4714K, committed 4736K, reserved 1048576K
Event: 3.483 GC heap after
Heap after GC invocations=9 (full 2):
 PSYoungGen      total 248832K, used 0K [0x000000076ab00000, 0x0000000785b00000, 0x00000007c0000000)
  eden space 238592K, 0% used [0x000000076ab00000,0x000000076ab00000,0x0000000779400000)
  from space 10240K, 0% used [0x0000000779400000,0x0000000779400000,0x0000000779e00000)
  to   space 10752K, 0% used [0x0000000785080000,0x0000000785080000,0x0000000785b00000)
 ParOldGen       total 108544K, used 13106K [0x00000006c0000000, 0x00000006c6a00000, 0x000000076ab00000)
  object space 108544K, 12% used [0x00000006c0000000,0x00000006c0ccc9d8,0x00000006c6a00000)
 Metaspace       used 33113K, capacity 35376K, committed 35416K, reserved 1079296K
  class space    used 4304K, capacity 4714K, committed 4736K, reserved 1048576K
}
Event: 5.201 GC heap before
{Heap before GC invocations=10 (full 2):
 PSYoungGen      total 248832K, used 238592K [0x000000076ab00000, 0x0000000785b00000, 0x00000007c0000000)
  eden space 238592K, 100% used [0x000000076ab00000,0x0000000779400000,0x0000000779400000)
  from space 10240K, 0% used [0x0000000779400000,0x0000000779400000,0x0000000779e00000)
  to   space 10752K, 0% used [0x0000000785080000,0x0000000785080000,0x0000000785b00000)
 ParOldGen       total 108544K, used 13106K [0x00000006c0000000, 0x00000006c6a00000, 0x000000076ab00000)
  object space 108544K, 12% used [0x00000006c0000000,0x00000006c0ccc9d8,0x00000006c6a00000)
 Metaspace       used 48686K, capacity 51226K, committed 51672K, reserved 1093632K
  class space    used 6594K, capacity 7045K, committed 7168K, reserved 1048576K
Event: 5.215 GC heap after
Heap after GC invocations=10 (full 2):
 PSYoungGen      total 411136K, used 10730K [0x000000076ab00000, 0x0000000785b00000, 0x00000007c0000000)
  eden space 400384K, 0% used [0x000000076ab00000,0x000000076ab00000,0x0000000783200000)
  from space 10752K, 99% used [0x0000000785080000,0x0000000785afab68,0x0000000785b00000)
  to   space 14848K, 0% used [0x0000000783e00000,0x0000000783e00000,0x0000000784c80000)
 ParOldGen       total 108544K, used 20151K [0x00000006c0000000, 0x00000006c6a00000, 0x000000076ab00000)
  object space 108544K, 18% used [0x00000006c0000000,0x00000006c13adcb8,0x00000006c6a00000)
 Metaspace       used 48686K, capacity 51226K, committed 51672K, reserved 1093632K
  class space    used 6594K, capacity 7045K, committed 7168K, reserved 1048576K
}
Event: 6.630 GC heap before
{Heap before GC invocations=11 (full 2):
 PSYoungGen      total 411136K, used 236301K [0x000000076ab00000, 0x0000000785b00000, 0x00000007c0000000)
  eden space 400384K, 56% used [0x000000076ab00000,0x00000007787488e0,0x0000000783200000)
  from space 10752K, 99% used [0x0000000785080000,0x0000000785afab68,0x0000000785b00000)
  to   space 14848K, 0% used [0x0000000783e00000,0x0000000783e00000,0x0000000784c80000)
 ParOldGen       total 108544K, used 20151K [0x00000006c0000000, 0x00000006c6a00000, 0x000000076ab00000)
  object space 108544K, 18% used [0x00000006c0000000,0x00000006c13adcb8,0x00000006c6a00000)
 Metaspace       used 55190K, capacity 59006K, committed 59028K, reserved 1099776K
  class space    used 7558K, capacity 8173K, committed 8192K, reserved 1048576K
Event: 6.641 GC heap after
Heap after GC invocations=11 (full 2):
 PSYoungGen      total 427520K, used 14822K [0x000000076ab00000, 0x000000078e680000, 0x00000007c0000000)
  eden space 412672K, 0% used [0x000000076ab00000,0x000000076ab00000,0x0000000783e00000)
  from space 14848K, 99% used [0x0000000783e00000,0x0000000784c79a20,0x0000000784c80000)
  to   space 16896K, 0% used [0x000000078d600000,0x000000078d600000,0x000000078e680000)
 ParOldGen       total 108544K, used 20806K [0x00000006c0000000, 0x00000006c6a00000, 0x000000076ab00000)
  object space 108544K, 19% used [0x00000006c0000000,0x00000006c1451ae0,0x00000006c6a00000)
 Metaspace       used 55190K, capacity 59006K, committed 59028K, reserved 1099776K
  class space    used 7558K, capacity 8173K, committed 8192K, reserved 1048576K
}
Event: 6.641 GC heap before
{Heap before GC invocations=12 (full 3):
 PSYoungGen      total 427520K, used 14822K [0x000000076ab00000, 0x000000078e680000, 0x00000007c0000000)
  eden space 412672K, 0% used [0x000000076ab00000,0x000000076ab00000,0x0000000783e00000)
  from space 14848K, 99% used [0x0000000783e00000,0x0000000784c79a20,0x0000000784c80000)
  to   space 16896K, 0% used [0x000000078d600000,0x000000078d600000,0x000000078e680000)
 ParOldGen       total 108544K, used 20806K [0x00000006c0000000, 0x00000006c6a00000, 0x000000076ab00000)
  object space 108544K, 19% used [0x00000006c0000000,0x00000006c1451ae0,0x00000006c6a00000)
 Metaspace       used 55190K, capacity 59006K, committed 59028K, reserved 1099776K
  class space    used 7558K, capacity 8173K, committed 8192K, reserved 1048576K
Event: 6.737 GC heap after
Heap after GC invocations=12 (full 3):
 PSYoungGen      total 427520K, used 0K [0x000000076ab00000, 0x000000078e680000, 0x00000007c0000000)
  eden space 412672K, 0% used [0x000000076ab00000,0x000000076ab00000,0x0000000783e00000)
  from space 14848K, 0% used [0x0000000783e00000,0x0000000783e00000,0x0000000784c80000)
  to   space 16896K, 0% used [0x000000078d600000,0x000000078d600000,0x000000078e680000)
 ParOldGen       total 146432K, used 23717K [0x00000006c0000000, 0x00000006c8f00000, 0x000000076ab00000)
  object space 146432K, 16% used [0x00000006c0000000,0x00000006c1729688,0x00000006c8f00000)
 Metaspace       used 55190K, capacity 59006K, committed 59028K, reserved 1099776K
  class space    used 7558K, capacity 8173K, committed 8192K, reserved 1048576K
}

